<?xml version="1.0" encoding="UTF-8"?>
<testsuite name="utils.ScrapingUtilTest" tests="1" skipped="0" failures="0" errors="0" timestamp="2021-07-21T09:10:43" hostname="yangsiyeong-ui-MacBookPro.local" time="0.549">
  <properties/>
  <testcase name="scrapingTest()" classname="utils.ScrapingUtilTest" time="0.549"/>
  <system-out><![CDATA[]]></system-out>
  <system-err><![CDATA[]]></system-err>
</testsuite>
